\BOOKMARK [0][-]{chapter*.2}{\376\377\000T\000h\000e\000\040\000p\000u\000r\000p\000o\000s\000e\000\040\000o\000f\000\040\000t\000h\000e\000s\000e\000\040\000n\000o\000t\000e\000s}{}% 1
\BOOKMARK [0][-]{chapter.1}{\376\377\000I\000n\000t\000r\000o\000d\000u\000c\000t\000i\000o\000n}{}% 2
\BOOKMARK [1][-]{section.1.1}{\376\377\000R\000e\000a\000l\000\040\000s\000t\000a\000t\000i\000s\000t\000i\000c\000a\000l\000\040\000i\000n\000v\000e\000s\000t\000i\000g\000a\000t\000i\000o\000n\000s}{chapter.1}% 3
\BOOKMARK [1][-]{section.1.2}{\376\377\000C\000h\000a\000l\000l\000e\000n\000g\000e\000r\000\040\000S\000p\000a\000c\000e\000\040\000S\000h\000u\000t\000t\000l\000e\000\040\000C\000a\000t\000a\000s\000t\000r\000o\000p\000h\000e}{chapter.1}% 4
\BOOKMARK [1][-]{section.1.3}{\376\377\000A\000\040\000v\000e\000r\000y\000\040\000b\000r\000i\000e\000f\000\040\000i\000n\000t\000r\000o\000d\000u\000c\000t\000i\000o\000n\000\040\000t\000o\000\040\000s\000t\000o\000c\000h\000a\000s\000t\000i\000c\000\040\000s\000i\000m\000u\000l\000a\000t\000i\000o\000n}{chapter.1}% 5
\BOOKMARK [0][-]{chapter.2}{\376\377\000D\000e\000s\000c\000r\000i\000p\000t\000i\000v\000e\000\040\000s\000t\000a\000t\000i\000s\000t\000i\000c\000s}{}% 6
\BOOKMARK [1][-]{section.2.1}{\376\377\000T\000y\000p\000e\000s\000\040\000o\000f\000\040\000d\000a\000t\000a}{chapter.2}% 7
\BOOKMARK [1][-]{section.2.2}{\376\377\000D\000e\000s\000c\000r\000i\000b\000i\000n\000g\000\040\000d\000i\000s\000t\000r\000i\000b\000u\000t\000i\000o\000n\000s}{chapter.2}% 8
\BOOKMARK [1][-]{section.2.3}{\376\377\000S\000u\000m\000m\000a\000r\000y\000\040\000s\000t\000a\000t\000i\000s\000t\000i\000c\000s}{chapter.2}% 9
\BOOKMARK [1][-]{section.2.4}{\376\377\000T\000a\000b\000l\000e\000s}{chapter.2}% 10
\BOOKMARK [1][-]{section.2.5}{\376\377\000G\000r\000a\000p\000h\000s\000\040\000\050\0001\000\040\000v\000a\000r\000i\000a\000b\000l\000e\000\051}{chapter.2}% 11
\BOOKMARK [1][-]{section.2.6}{\376\377\0002\0000\0000\0000\000\040\000U\000S\000\040\000p\000r\000e\000s\000i\000d\000e\000n\000t\000i\000a\000l\000\040\000e\000l\000e\000c\000t\000i\000o\000n}{chapter.2}% 12
\BOOKMARK [1][-]{section.2.7}{\376\377\000G\000r\000a\000p\000h\000s\000\040\000\050\0002\000\040\000v\000a\000r\000i\000a\000b\000l\000e\000s\000\051}{chapter.2}% 13
\BOOKMARK [1][-]{section.2.8}{\376\377\000T\000r\000a\000n\000s\000f\000o\000r\000m\000a\000t\000i\000o\000n\000\040\000o\000f\000\040\000d\000a\000t\000a}{chapter.2}% 14
\BOOKMARK [0][-]{chapter.3}{\376\377\000P\000r\000o\000b\000a\000b\000i\000l\000i\000t\000y}{}% 15
\BOOKMARK [1][-]{section.3.1}{\376\377\000M\000i\000s\000l\000e\000a\000d\000i\000n\000g\000\040\000s\000t\000a\000t\000i\000s\000t\000i\000c\000a\000l\000\040\000e\000v\000i\000d\000e\000n\000c\000e\000\040\000i\000n\000\040\000c\000o\000t\000\040\000d\000e\000a\000t\000h\000\040\000t\000r\000i\000a\000l\000s}{chapter.3}% 16
\BOOKMARK [1][-]{section.3.2}{\376\377\000R\000e\000l\000a\000t\000i\000v\000e\000\040\000f\000r\000e\000q\000u\000e\000n\000c\000y\000\040\000d\000e\000f\000i\000n\000i\000t\000i\000o\000n\000\040\000o\000f\000\040\000p\000r\000o\000b\000a\000b\000i\000l\000i\000t\000y}{chapter.3}% 17
\BOOKMARK [1][-]{section.3.3}{\376\377\000B\000a\000s\000i\000c\000\040\000p\000r\000o\000p\000e\000r\000t\000i\000e\000s\000\040\000o\000f\000\040\000p\000r\000o\000b\000a\000b\000i\000l\000i\000t\000y}{chapter.3}% 18
\BOOKMARK [1][-]{section.3.4}{\376\377\000C\000o\000n\000d\000i\000t\000i\000o\000n\000a\000l\000\040\000p\000r\000o\000b\000a\000b\000i\000l\000i\000t\000y}{chapter.3}% 19
\BOOKMARK [1][-]{section.3.5}{\376\377\000A\000d\000d\000i\000t\000i\000o\000n\000\040\000r\000u\000l\000e\000\040\000o\000f\000\040\000p\000r\000o\000b\000a\000b\000i\000l\000i\000t\000y}{chapter.3}% 20
\BOOKMARK [1][-]{section.3.6}{\376\377\000M\000u\000l\000t\000i\000p\000l\000i\000c\000a\000t\000i\000o\000n\000\040\000r\000u\000l\000e\000\040\000o\000f\000\040\000p\000r\000o\000b\000a\000b\000i\000l\000i\000t\000y}{chapter.3}% 21
\BOOKMARK [1][-]{section.3.7}{\376\377\000I\000n\000d\000e\000p\000e\000n\000d\000e\000n\000c\000e\000\040\000o\000f\000\040\000e\000v\000e\000n\000t\000s}{chapter.3}% 22
\BOOKMARK [0][-]{chapter.4}{\376\377\000M\000o\000r\000e\000\040\000p\000r\000o\000b\000a\000b\000i\000l\000i\000t\000y}{}% 23
\BOOKMARK [1][-]{section.4.1}{\376\377\000L\000a\000w\000\040\000o\000f\000\040\000t\000o\000t\000a\000l\000\040\000p\000r\000o\000b\000a\000b\000i\000l\000i\000t\000y}{chapter.4}% 24
\BOOKMARK [1][-]{section.4.2}{\376\377\000B\000a\000y\000e\000s\000'\000\040\000t\000h\000e\000o\000r\000e\000m}{chapter.4}% 25
\BOOKMARK [1][-]{section.4.3}{\376\377\000D\000N\000A\000\040\000i\000d\000e\000n\000t\000i\000f\000i\000c\000a\000t\000i\000o\000n\000\040\000e\000v\000i\000d\000e\000n\000c\000e}{chapter.4}% 26
\BOOKMARK [0][-]{chapter.5}{\376\377\000R\000a\000n\000d\000o\000m\000\040\000v\000a\000r\000i\000a\000b\000l\000e\000s}{}% 27
\BOOKMARK [1][-]{section.5.1}{\376\377\000D\000i\000s\000c\000r\000e\000t\000e\000\040\000r\000a\000n\000d\000o\000m\000\040\000v\000a\000r\000i\000a\000b\000l\000e\000s}{chapter.5}% 28
\BOOKMARK [1][-]{section.5.2}{\376\377\000C\000o\000n\000t\000i\000n\000u\000o\000u\000s\000\040\000r\000a\000n\000d\000o\000m\000\040\000v\000a\000r\000i\000a\000b\000l\000e\000s}{chapter.5}% 29
\BOOKMARK [1][-]{section.5.3}{\376\377\000E\000x\000p\000e\000c\000t\000a\000t\000i\000o\000n}{chapter.5}% 30
\BOOKMARK [1][-]{section.5.4}{\376\377\000V\000a\000r\000i\000a\000n\000c\000e}{chapter.5}% 31
\BOOKMARK [1][-]{section.5.5}{\376\377\000O\000t\000h\000e\000r\000\040\000m\000e\000a\000s\000u\000r\000e\000s\000\040\000o\000f\000\040\000l\000o\000c\000a\000t\000i\000o\000n}{chapter.5}% 32
\BOOKMARK [1][-]{section.5.6}{\376\377\000Q\000u\000a\000n\000t\000i\000l\000e\000s}{chapter.5}% 33
\BOOKMARK [1][-]{section.5.7}{\376\377\000M\000e\000a\000s\000u\000r\000e\000s\000\040\000o\000f\000\040\000s\000h\000a\000p\000e}{chapter.5}% 34
\BOOKMARK [0][-]{chapter.6}{\376\377\000S\000i\000m\000p\000l\000e\000\040\000d\000i\000s\000t\000r\000i\000b\000u\000t\000i\000o\000n\000s}{}% 35
\BOOKMARK [1][-]{section.6.1}{\376\377\000A\000u\000s\000t\000r\000a\000l\000i\000a\000n\000\040\000b\000i\000r\000t\000h\000s\000\040\000d\000a\000t\000a}{chapter.6}% 36
\BOOKMARK [1][-]{section.6.2}{\376\377\000T\000h\000e\000\040\000B\000e\000r\000n\000o\000u\000l\000l\000i\000\040\000d\000i\000s\000t\000r\000i\000b\000u\000t\000i\000o\000n}{chapter.6}% 37
\BOOKMARK [1][-]{section.6.3}{\376\377\000T\000h\000e\000\040\000b\000i\000n\000o\000m\000i\000a\000l\000\040\000d\000i\000s\000t\000r\000i\000b\000u\000t\000i\000o\000n}{chapter.6}% 38
\BOOKMARK [1][-]{section.6.4}{\376\377\000T\000h\000e\000\040\000g\000e\000o\000m\000e\000t\000r\000i\000c\000\040\000d\000i\000s\000t\000r\000i\000b\000u\000t\000i\000o\000n}{chapter.6}% 39
\BOOKMARK [1][-]{section.6.5}{\376\377\000T\000h\000e\000\040\000P\000o\000i\000s\000s\000o\000n\000\040\000d\000i\000s\000t\000r\000i\000b\000u\000t\000i\000o\000n}{chapter.6}% 40
\BOOKMARK [1][-]{section.6.6}{\376\377\000S\000u\000m\000m\000a\000r\000y\000\040\000o\000f\000\040\000t\000h\000e\000s\000e\000\040\000d\000i\000s\000c\000r\000e\000t\000e\000\040\000d\000i\000s\000t\000r\000i\000b\000u\000t\000i\000o\000n\000s}{chapter.6}% 41
\BOOKMARK [1][-]{section.6.7}{\376\377\000T\000h\000e\000\040\000u\000n\000i\000f\000o\000r\000m\000\040\000d\000i\000s\000t\000r\000i\000b\000u\000t\000i\000o\000n}{chapter.6}% 42
\BOOKMARK [1][-]{section.6.8}{\376\377\000T\000h\000e\000\040\000e\000x\000p\000o\000n\000e\000n\000t\000i\000a\000l\000\040\000d\000i\000s\000t\000r\000i\000b\000u\000t\000i\000o\000n}{chapter.6}% 43
\BOOKMARK [1][-]{section.6.9}{\376\377\000T\000h\000e\000\040\000n\000o\000r\000m\000a\000l\000\040\000d\000i\000s\000t\000r\000i\000b\000u\000t\000i\000o\000n}{chapter.6}% 44
\BOOKMARK [1][-]{section.6.10}{\376\377\000S\000u\000m\000m\000a\000r\000y\000\040\000o\000f\000\040\000t\000h\000e\000s\000e\000\040\000c\000o\000n\000t\000i\000n\000u\000o\000u\000s\000\040\000d\000i\000s\000t\000r\000i\000b\000u\000t\000i\000o\000n\000s}{chapter.6}% 45
\BOOKMARK [1][-]{section.6.11}{\376\377\000Q\000Q\000\040\000p\000l\000o\000t\000s}{chapter.6}% 46
\BOOKMARK [0][-]{chapter.7}{\376\377\000S\000t\000a\000t\000i\000s\000t\000i\000c\000a\000l\000\040\000I\000n\000f\000e\000r\000e\000n\000c\000e}{}% 47
\BOOKMARK [1][-]{section.7.1}{\376\377\000T\000h\000e\000\040\000s\000t\000o\000r\000y\000\040\000s\000o\000\040\000f\000a\000r}{chapter.7}% 48
\BOOKMARK [1][-]{section.7.2}{\376\377\000S\000a\000m\000p\000l\000e\000\040\000a\000n\000d\000\040\000p\000o\000p\000u\000l\000a\000t\000i\000o\000n\000s}{chapter.7}% 49
\BOOKMARK [1][-]{section.7.3}{\376\377\000P\000r\000o\000b\000a\000b\000i\000l\000i\000t\000y\000\040\000m\000o\000d\000e\000l\000s}{chapter.7}% 50
\BOOKMARK [1][-]{section.7.4}{\376\377\000F\000i\000t\000t\000i\000n\000g\000\040\000m\000o\000d\000e\000l\000s}{chapter.7}% 51
\BOOKMARK [1][-]{section.7.5}{\376\377\000U\000n\000c\000e\000r\000t\000a\000i\000n\000t\000y\000\040\000i\000n\000\040\000e\000s\000t\000i\000m\000a\000t\000i\000o\000n}{chapter.7}% 52
\BOOKMARK [1][-]{section.7.6}{\376\377\000P\000r\000o\000p\000e\000r\000t\000i\000e\000s\000\040\000o\000f\000\040\000e\000s\000t\000i\000m\000a\000t\000o\000r\000s}{chapter.7}% 53
\BOOKMARK [1][-]{section.7.7}{\376\377\000A\000s\000s\000e\000s\000s\000i\000n\000g\000\040\000g\000o\000o\000d\000n\000e\000s\000s\000-\000o\000f\000-\000f\000i\000t}{chapter.7}% 54
\BOOKMARK [0][-]{chapter.8}{\376\377\000C\000o\000n\000t\000i\000n\000g\000e\000n\000c\000y\000\040\000t\000a\000b\000l\000e\000s}{}% 55
\BOOKMARK [1][-]{section.8.1}{\376\377\0002\000-\000w\000a\000y\000\040\000c\000o\000n\000t\000i\000n\000g\000e\000n\000c\000y\000\040\000t\000a\000b\000l\000e\000s}{chapter.8}% 56
\BOOKMARK [1][-]{section.8.2}{\376\377\0003\000-\000w\000a\000y\000\040\000c\000o\000n\000t\000i\000n\000g\000e\000n\000c\000y\000\040\000t\000a\000b\000l\000e\000s}{chapter.8}% 57
\BOOKMARK [0][-]{chapter.9}{\376\377\000L\000i\000n\000e\000a\000r\000\040\000r\000e\000g\000r\000e\000s\000s\000i\000o\000n}{}% 58
\BOOKMARK [1][-]{section.9.1}{\376\377\000S\000i\000m\000p\000l\000e\000\040\000l\000i\000n\000e\000a\000r\000\040\000r\000e\000g\000r\000e\000s\000s\000i\000o\000n}{chapter.9}% 59
\BOOKMARK [1][-]{section.9.2}{\376\377\000L\000o\000o\000k\000i\000n\000g\000\040\000a\000t\000\040\000s\000c\000a\000t\000t\000e\000r\000\040\000p\000l\000o\000t\000s}{chapter.9}% 60
\BOOKMARK [1][-]{section.9.3}{\376\377\000M\000o\000d\000e\000l\000\040\000c\000h\000e\000c\000k\000i\000n\000g}{chapter.9}% 61
\BOOKMARK [1][-]{section.9.4}{\376\377\000U\000s\000e\000\040\000o\000f\000\040\000t\000r\000a\000n\000s\000f\000o\000r\000m\000a\000t\000i\000o\000n\000s}{chapter.9}% 62
\BOOKMARK [1][-]{section.9.5}{\376\377\000O\000v\000e\000r\000-\000f\000i\000t\000t\000i\000n\000g}{chapter.9}% 63
\BOOKMARK [0][-]{chapter.10}{\376\377\000C\000o\000r\000r\000e\000l\000a\000t\000i\000o\000n}{}% 64
\BOOKMARK [1][-]{section.10.1}{\376\377\000C\000o\000r\000r\000e\000l\000a\000t\000i\000o\000n\000:\000\040\000a\000\040\000m\000e\000a\000s\000u\000r\000e\000\040\000o\000f\000\040\000l\000i\000n\000e\000a\000r\000\040\000a\000s\000s\000o\000c\000i\000a\000t\000i\000o\000n}{chapter.10}% 65
\BOOKMARK [1][-]{section.10.2}{\376\377\000C\000o\000v\000a\000r\000i\000a\000n\000c\000e\000\040\000a\000n\000d\000\040\000c\000o\000r\000r\000e\000l\000a\000t\000i\000o\000n}{chapter.10}% 66
\BOOKMARK [1][-]{section.10.3}{\376\377\000U\000s\000e\000\040\000a\000n\000d\000\040\000m\000i\000s\000u\000s\000e\000\040\000o\000f\000\040\000c\000o\000r\000r\000e\000l\000a\000t\000i\000o\000n}{chapter.10}% 67
\BOOKMARK [0][-]{chapter.11}{\376\377\000A\000\040\000g\000e\000n\000e\000r\000a\000l\000\040\000s\000t\000r\000a\000t\000e\000g\000y\000\040\000f\000o\000r\000\040\000s\000t\000a\000t\000i\000s\000t\000i\000c\000a\000l\000\040\000m\000o\000d\000e\000l\000l\000i\000n\000g}{}% 68
